<?xml version="1.0" encoding="UTF-8"?>
<coverage generated="1600868389241" clover="3.2.0">
  <project timestamp="1600868389242" name="All files">
    <metrics statements="48" coveredstatements="46" conditionals="16" coveredconditionals="9" methods="25" coveredmethods="23" elements="89" coveredelements="78" complexity="0" loc="48" ncloc="48" packages="6" files="10" classes="10"/>
    <package name="components">
      <metrics statements="13" coveredstatements="11" conditionals="0" coveredconditionals="0" methods="7" coveredmethods="5"/>
      <file name="Head.js" path="C:\Users\kushguglani\Desktop\my\space\ssr-master\ssr-master\src\components\Head.js">
        <metrics statements="2" coveredstatements="2" conditionals="0" coveredconditionals="0" methods="1" coveredmethods="1"/>
        <line num="4" count="2" type="stmt"/>
        <line num="5" count="3" type="stmt"/>
      </file>
      <file name="app.js" path="C:\Users\kushguglani\Desktop\my\space\ssr-master\ssr-master\src\components\app.js">
        <metrics statements="11" coveredstatements="9" conditionals="0" coveredconditionals="0" methods="6" coveredmethods="4"/>
        <line num="13" count="1" type="stmt"/>
        <line num="14" count="2" type="stmt"/>
        <line num="15" count="2" type="stmt"/>
        <line num="16" count="2" type="stmt"/>
        <line num="21" count="2" type="stmt"/>
        <line num="22" count="2" type="stmt"/>
        <line num="23" count="0" type="stmt"/>
        <line num="25" count="2" type="stmt"/>
        <line num="48" count="2" type="stmt"/>
        <line num="53" count="1" type="stmt"/>
        <line num="54" count="0" type="stmt"/>
      </file>
    </package>
    <package name="components.filter">
      <metrics statements="20" coveredstatements="20" conditionals="10" coveredconditionals="5" methods="9" coveredmethods="9"/>
      <file name="FilterContainer.js" path="C:\Users\kushguglani\Desktop\my\space\ssr-master\ssr-master\src\components\filter\FilterContainer.js">
        <metrics statements="1" coveredstatements="1" conditionals="0" coveredconditionals="0" methods="1" coveredmethods="1"/>
        <line num="7" count="4" type="stmt"/>
      </file>
      <file name="IsSuccesfulFilter.js" path="C:\Users\kushguglani\Desktop\my\space\ssr-master\ssr-master\src\components\filter\IsSuccesfulFilter.js">
        <metrics statements="9" coveredstatements="9" conditionals="6" coveredconditionals="3" methods="4" coveredmethods="4"/>
        <line num="4" count="11" type="stmt"/>
        <line num="5" count="11" type="stmt"/>
        <line num="6" count="4" type="stmt"/>
        <line num="7" count="4" type="cond" truecount="1" falsecount="1"/>
        <line num="10" count="4" type="stmt"/>
        <line num="11" count="4" type="stmt"/>
        <line num="14" count="11" type="stmt"/>
        <line num="18" count="2" type="stmt"/>
        <line num="24" count="2" type="stmt"/>
      </file>
      <file name="LaunchYear.js" path="C:\Users\kushguglani\Desktop\my\space\ssr-master\ssr-master\src\components\filter\LaunchYear.js">
        <metrics statements="10" coveredstatements="10" conditionals="4" coveredconditionals="2" methods="4" coveredmethods="4"/>
        <line num="4" count="6" type="stmt"/>
        <line num="5" count="6" type="stmt"/>
        <line num="6" count="1" type="stmt"/>
        <line num="7" count="1" type="cond" truecount="1" falsecount="1"/>
        <line num="10" count="1" type="stmt"/>
        <line num="11" count="1" type="stmt"/>
        <line num="13" count="90" type="stmt"/>
        <line num="14" count="6" type="stmt"/>
        <line num="15" count="90" type="stmt"/>
        <line num="23" count="6" type="stmt"/>
      </file>
    </package>
    <package name="components.footer">
      <metrics statements="1" coveredstatements="1" conditionals="0" coveredconditionals="0" methods="1" coveredmethods="1"/>
      <file name="Footer.js" path="C:\Users\kushguglani\Desktop\my\space\ssr-master\ssr-master\src\components\footer\Footer.js">
        <metrics statements="1" coveredstatements="1" conditionals="0" coveredconditionals="0" methods="1" coveredmethods="1"/>
        <line num="4" count="4" type="stmt"/>
      </file>
    </package>
    <package name="components.header">
      <metrics statements="1" coveredstatements="1" conditionals="0" coveredconditionals="0" methods="1" coveredmethods="1"/>
      <file name="Header.js" path="C:\Users\kushguglani\Desktop\my\space\ssr-master\ssr-master\src\components\header\Header.js">
        <metrics statements="1" coveredstatements="1" conditionals="0" coveredconditionals="0" methods="1" coveredmethods="1"/>
        <line num="4" count="4" type="stmt"/>
      </file>
    </package>
    <package name="components.spaceBar">
      <metrics statements="12" coveredstatements="12" conditionals="4" coveredconditionals="3" methods="6" coveredmethods="6"/>
      <file name="SpaceBar.js" path="C:\Users\kushguglani\Desktop\my\space\ssr-master\ssr-master\src\components\spaceBar\SpaceBar.js">
        <metrics statements="3" coveredstatements="3" conditionals="2" coveredconditionals="1" methods="2" coveredmethods="2"/>
        <line num="12" count="4" type="stmt"/>
        <line num="13" count="4" type="stmt"/>
        <line num="20" count="4" type="stmt"/>
      </file>
      <file name="SpaceBarContainer.js" path="C:\Users\kushguglani\Desktop\my\space\ssr-master\ssr-master\src\components\spaceBar\SpaceBarContainer.js">
        <metrics statements="9" coveredstatements="9" conditionals="2" coveredconditionals="2" methods="4" coveredmethods="4"/>
        <line num="5" count="3" type="stmt"/>
        <line num="6" count="9" type="stmt"/>
        <line num="7" count="9" type="stmt"/>
        <line num="9" count="5" type="cond" truecount="2" falsecount="0"/>
        <line num="18" count="3" type="stmt"/>
        <line num="19" count="3" type="stmt"/>
        <line num="20" count="3" type="stmt"/>
        <line num="34" count="5" type="stmt"/>
        <line num="37" count="9" type="stmt"/>
      </file>
    </package>
    <package name="components.spinner">
      <metrics statements="1" coveredstatements="1" conditionals="2" coveredconditionals="1" methods="1" coveredmethods="1"/>
      <file name="Spinner.js" path="C:\Users\kushguglani\Desktop\my\space\ssr-master\ssr-master\src\components\spinner\Spinner.js">
        <metrics statements="1" coveredstatements="1" conditionals="2" coveredconditionals="1" methods="1" coveredmethods="1"/>
        <line num="4" count="2" type="cond" truecount="1" falsecount="1"/>
      </file>
    </package>
  </project>
</coverage>
