{"C:\\Users\\kushguglani\\Desktop\\my\\space\\ssr-master\\ssr-master\\src\\components\\Head.js": {"path":"C:\\Users\\kushguglani\\Desktop\\my\\space\\ssr-master\\ssr-master\\src\\components\\Head.js","statementMap":{"0":{"start":{"line":4,"column":13},"end":{"line":27,"column":1}},"1":{"start":{"line":5,"column":2},"end":{"line":26,"column":4}}},"fnMap":{"0":{"name":"(anonymous_0)","decl":{"start":{"line":4,"column":13},"end":{"line":4,"column":14}},"loc":{"start":{"line":4,"column":19},"end":{"line":27,"column":1}},"line":4}},"branchMap":{},"s":{"0":2,"1":3},"f":{"0":3},"b":{},"_coverageSchema":"43e27e138ebf9cfc5966b082cf9a028302ed4184","hash":"caba743e67a3d2c5a1bb58f170f3277ef93aee40"}
,"C:\\Users\\kushguglani\\Desktop\\my\\space\\ssr-master\\ssr-master\\src\\components\\app.js": {"path":"C:\\Users\\kushguglani\\Desktop\\my\\space\\ssr-master\\ssr-master\\src\\components\\app.js","statementMap":{"0":{"start":{"line":13,"column":12},"end":{"line":45,"column":1}},"1":{"start":{"line":14,"column":31},"end":{"line":14,"column":36}},"2":{"start":{"line":15,"column":46},"end":{"line":15,"column":66}},"3":{"start":{"line":16,"column":30},"end":{"line":20,"column":4}},"4":{"start":{"line":21,"column":2},"end":{"line":21,"column":61}},"5":{"start":{"line":21,"column":17},"end":{"line":21,"column":46}},"6":{"start":{"line":22,"column":22},"end":{"line":24,"column":3}},"7":{"start":{"line":23,"column":4},"end":{"line":23,"column":36}},"8":{"start":{"line":25,"column":2},"end":{"line":44,"column":4}},"9":{"start":{"line":48,"column":2},"end":{"line":51,"column":3}},"10":{"start":{"line":53,"column":27},"end":{"line":55,"column":2}},"11":{"start":{"line":53,"column":40},"end":{"line":55,"column":1}},"12":{"start":{"line":54,"column":31},"end":{"line":54,"column":64}}},"fnMap":{"0":{"name":"(anonymous_0)","decl":{"start":{"line":13,"column":12},"end":{"line":13,"column":13}},"loc":{"start":{"line":13,"column":23},"end":{"line":45,"column":1}},"line":13},"1":{"name":"(anonymous_1)","decl":{"start":{"line":21,"column":12},"end":{"line":21,"column":13}},"loc":{"start":{"line":21,"column":16},"end":{"line":21,"column":47}},"line":21},"2":{"name":"(anonymous_2)","decl":{"start":{"line":22,"column":22},"end":{"line":22,"column":23}},"loc":{"start":{"line":22,"column":32},"end":{"line":24,"column":3}},"line":22},"3":{"name":"mapStateToProps","decl":{"start":{"line":47,"column":9},"end":{"line":47,"column":24}},"loc":{"start":{"line":47,"column":47},"end":{"line":52,"column":1}},"line":47},"4":{"name":"(anonymous_4)","decl":{"start":{"line":53,"column":27},"end":{"line":53,"column":28}},"loc":{"start":{"line":53,"column":40},"end":{"line":55,"column":1}},"line":53},"5":{"name":"(anonymous_5)","decl":{"start":{"line":54,"column":21},"end":{"line":54,"column":22}},"loc":{"start":{"line":54,"column":31},"end":{"line":54,"column":64}},"line":54}},"branchMap":{},"s":{"0":1,"1":2,"2":2,"3":2,"4":2,"5":1,"6":2,"7":0,"8":2,"9":2,"10":1,"11":1,"12":0},"f":{"0":2,"1":1,"2":0,"3":2,"4":1,"5":0},"b":{},"_coverageSchema":"43e27e138ebf9cfc5966b082cf9a028302ed4184","hash":"36e5eb0ed5a2f695ef48424cabb542b82f46339b"}
,"C:\\Users\\kushguglani\\Desktop\\my\\space\\ssr-master\\ssr-master\\src\\components\\filter\\FilterContainer.js": {"path":"C:\\Users\\kushguglani\\Desktop\\my\\space\\ssr-master\\ssr-master\\src\\components\\filter\\FilterContainer.js","statementMap":{"0":{"start":{"line":7,"column":2},"end":{"line":33,"column":4}}},"fnMap":{"0":{"name":"filterContainer","decl":{"start":{"line":6,"column":9},"end":{"line":6,"column":24}},"loc":{"start":{"line":6,"column":66},"end":{"line":34,"column":1}},"line":6}},"branchMap":{},"s":{"0":4},"f":{"0":4},"b":{},"_coverageSchema":"43e27e138ebf9cfc5966b082cf9a028302ed4184","hash":"8855779189d9791956deaa3ad56e79a068257621"}
,"C:\\Users\\kushguglani\\Desktop\\my\\space\\ssr-master\\ssr-master\\src\\components\\filter\\IsSuccesfulFilter.js": {"path":"C:\\Users\\kushguglani\\Desktop\\my\\space\\ssr-master\\ssr-master\\src\\components\\filter\\IsSuccesfulFilter.js","statementMap":{"0":{"start":{"line":4,"column":56},"end":{"line":4,"column":61}},"1":{"start":{"line":5,"column":28},"end":{"line":13,"column":3}},"2":{"start":{"line":6,"column":21},"end":{"line":6,"column":32}},"3":{"start":{"line":7,"column":4},"end":{"line":9,"column":39}},"4":{"start":{"line":10,"column":6},"end":{"line":10,"column":27}},"5":{"start":{"line":11,"column":6},"end":{"line":11,"column":35}},"6":{"start":{"line":14,"column":2},"end":{"line":30,"column":4}},"7":{"start":{"line":18,"column":23},"end":{"line":18,"column":46}},"8":{"start":{"line":24,"column":23},"end":{"line":24,"column":47}}},"fnMap":{"0":{"name":"isSuccesfulFilter","decl":{"start":{"line":3,"column":24},"end":{"line":3,"column":41}},"loc":{"start":{"line":3,"column":49},"end":{"line":31,"column":1}},"line":3},"1":{"name":"(anonymous_1)","decl":{"start":{"line":5,"column":28},"end":{"line":5,"column":29}},"loc":{"start":{"line":5,"column":37},"end":{"line":13,"column":3}},"line":5},"2":{"name":"(anonymous_2)","decl":{"start":{"line":18,"column":17},"end":{"line":18,"column":18}},"loc":{"start":{"line":18,"column":23},"end":{"line":18,"column":46}},"line":18},"3":{"name":"(anonymous_3)","decl":{"start":{"line":24,"column":17},"end":{"line":24,"column":18}},"loc":{"start":{"line":24,"column":23},"end":{"line":24,"column":47}},"line":24}},"branchMap":{"0":{"loc":{"start":{"line":7,"column":17},"end":{"line":9,"column":38}},"type":"cond-expr","locations":[{"start":{"line":8,"column":8},"end":{"line":8,"column":37}},{"start":{"line":9,"column":8},"end":{"line":9,"column":38}}],"line":7},"1":{"loc":{"start":{"line":19,"column":19},"end":{"line":19,"column":47}},"type":"cond-expr","locations":[{"start":{"line":19,"column":34},"end":{"line":19,"column":42}},{"start":{"line":19,"column":45},"end":{"line":19,"column":47}}],"line":19},"2":{"loc":{"start":{"line":25,"column":19},"end":{"line":25,"column":57}},"type":"cond-expr","locations":[{"start":{"line":25,"column":44},"end":{"line":25,"column":52}},{"start":{"line":25,"column":55},"end":{"line":25,"column":57}}],"line":25}},"s":{"0":11,"1":11,"2":4,"3":4,"4":4,"5":4,"6":11,"7":2,"8":2},"f":{"0":11,"1":4,"2":2,"3":2},"b":{"0":[0,4],"1":[0,11],"2":[0,11]},"_coverageSchema":"43e27e138ebf9cfc5966b082cf9a028302ed4184","hash":"518f6871a761bf65e2138ec7e238556ab4fce6a3"}
,"C:\\Users\\kushguglani\\Desktop\\my\\space\\ssr-master\\ssr-master\\src\\components\\filter\\LaunchYear.js": {"path":"C:\\Users\\kushguglani\\Desktop\\my\\space\\ssr-master\\ssr-master\\src\\components\\filter\\LaunchYear.js","statementMap":{"0":{"start":{"line":4,"column":50},"end":{"line":4,"column":55}},"1":{"start":{"line":5,"column":28},"end":{"line":12,"column":3}},"2":{"start":{"line":6,"column":21},"end":{"line":6,"column":32}},"3":{"start":{"line":7,"column":4},"end":{"line":9,"column":60}},"4":{"start":{"line":10,"column":6},"end":{"line":10,"column":27}},"5":{"start":{"line":11,"column":6},"end":{"line":11,"column":35}},"6":{"start":{"line":13,"column":20},"end":{"line":13,"column":75}},"7":{"start":{"line":13,"column":59},"end":{"line":13,"column":74}},"8":{"start":{"line":14,"column":19},"end":{"line":22,"column":4}},"9":{"start":{"line":15,"column":4},"end":{"line":21,"column":13}},"10":{"start":{"line":23,"column":2},"end":{"line":28,"column":4}}},"fnMap":{"0":{"name":"launchYear","decl":{"start":{"line":3,"column":24},"end":{"line":3,"column":34}},"loc":{"start":{"line":3,"column":42},"end":{"line":29,"column":1}},"line":3},"1":{"name":"(anonymous_1)","decl":{"start":{"line":5,"column":28},"end":{"line":5,"column":29}},"loc":{"start":{"line":5,"column":35},"end":{"line":12,"column":3}},"line":5},"2":{"name":"(anonymous_2)","decl":{"start":{"line":13,"column":47},"end":{"line":13,"column":48}},"loc":{"start":{"line":13,"column":59},"end":{"line":13,"column":74}},"line":13},"3":{"name":"(anonymous_3)","decl":{"start":{"line":14,"column":33},"end":{"line":14,"column":34}},"loc":{"start":{"line":15,"column":4},"end":{"line":21,"column":13}},"line":15}},"branchMap":{"0":{"loc":{"start":{"line":7,"column":17},"end":{"line":9,"column":59}},"type":"cond-expr","locations":[{"start":{"line":8,"column":8},"end":{"line":8,"column":43}},{"start":{"line":9,"column":8},"end":{"line":9,"column":59}}],"line":7},"1":{"loc":{"start":{"line":18,"column":17},"end":{"line":18,"column":61}},"type":"cond-expr","locations":[{"start":{"line":18,"column":48},"end":{"line":18,"column":56}},{"start":{"line":18,"column":59},"end":{"line":18,"column":61}}],"line":18}},"s":{"0":6,"1":6,"2":1,"3":1,"4":1,"5":1,"6":6,"7":90,"8":6,"9":90,"10":6},"f":{"0":6,"1":1,"2":90,"3":90},"b":{"0":[0,1],"1":[0,90]},"_coverageSchema":"43e27e138ebf9cfc5966b082cf9a028302ed4184","hash":"cda3ca11cfe26c72067f6eaa1c7cc277c4a4b8de"}
,"C:\\Users\\kushguglani\\Desktop\\my\\space\\ssr-master\\ssr-master\\src\\components\\footer\\Footer.js": {"path":"C:\\Users\\kushguglani\\Desktop\\my\\space\\ssr-master\\ssr-master\\src\\components\\footer\\Footer.js","statementMap":{"0":{"start":{"line":4,"column":2},"end":{"line":8,"column":4}}},"fnMap":{"0":{"name":"Footer","decl":{"start":{"line":3,"column":24},"end":{"line":3,"column":30}},"loc":{"start":{"line":3,"column":33},"end":{"line":9,"column":1}},"line":3}},"branchMap":{},"s":{"0":4},"f":{"0":4},"b":{},"_coverageSchema":"43e27e138ebf9cfc5966b082cf9a028302ed4184","hash":"3481b19ab3971027d02b14fbcb7146d6d6b09ab1"}
,"C:\\Users\\kushguglani\\Desktop\\my\\space\\ssr-master\\ssr-master\\src\\components\\header\\Header.js": {"path":"C:\\Users\\kushguglani\\Desktop\\my\\space\\ssr-master\\ssr-master\\src\\components\\header\\Header.js","statementMap":{"0":{"start":{"line":4,"column":2},"end":{"line":4,"column":60}}},"fnMap":{"0":{"name":"Header","decl":{"start":{"line":3,"column":24},"end":{"line":3,"column":30}},"loc":{"start":{"line":3,"column":33},"end":{"line":5,"column":1}},"line":3}},"branchMap":{},"s":{"0":4},"f":{"0":4},"b":{},"_coverageSchema":"43e27e138ebf9cfc5966b082cf9a028302ed4184","hash":"fba4255f478b743ef7afec10b64939934d777eac"}
,"C:\\Users\\kushguglani\\Desktop\\my\\space\\ssr-master\\ssr-master\\src\\components\\spaceBar\\SpaceBar.js": {"path":"C:\\Users\\kushguglani\\Desktop\\my\\space\\ssr-master\\ssr-master\\src\\components\\spaceBar\\SpaceBar.js","statementMap":{"0":{"start":{"line":12,"column":6},"end":{"line":12,"column":11}},"1":{"start":{"line":13,"column":2},"end":{"line":33,"column":4}},"2":{"start":{"line":20,"column":37},"end":{"line":20,"column":63}}},"fnMap":{"0":{"name":"SpaceBar","decl":{"start":{"line":3,"column":24},"end":{"line":3,"column":32}},"loc":{"start":{"line":3,"column":40},"end":{"line":34,"column":1}},"line":3},"1":{"name":"(anonymous_1)","decl":{"start":{"line":20,"column":27},"end":{"line":20,"column":28}},"loc":{"start":{"line":20,"column":37},"end":{"line":20,"column":63}},"line":20}},"branchMap":{"0":{"loc":{"start":{"line":19,"column":9},"end":{"line":21,"column":25}},"type":"cond-expr","locations":[{"start":{"line":20,"column":12},"end":{"line":20,"column":64}},{"start":{"line":21,"column":12},"end":{"line":21,"column":25}}],"line":19}},"s":{"0":4,"1":4,"2":4},"f":{"0":4,"1":4},"b":{"0":[4,0]},"_coverageSchema":"43e27e138ebf9cfc5966b082cf9a028302ed4184","hash":"f148fb708cfdc747b4243425679ed81eb2466f19"}
,"C:\\Users\\kushguglani\\Desktop\\my\\space\\ssr-master\\ssr-master\\src\\components\\spaceBar\\SpaceBarContainer.js": {"path":"C:\\Users\\kushguglani\\Desktop\\my\\space\\ssr-master\\ssr-master\\src\\components\\spaceBar\\SpaceBarContainer.js","statementMap":{"0":{"start":{"line":5,"column":26},"end":{"line":38,"column":1}},"1":{"start":{"line":6,"column":37},"end":{"line":6,"column":51}},"2":{"start":{"line":7,"column":2},"end":{"line":35,"column":15}},"3":{"start":{"line":9,"column":6},"end":{"line":33,"column":27}},"4":{"start":{"line":18,"column":16},"end":{"line":18,"column":21}},"5":{"start":{"line":19,"column":33},"end":{"line":19,"column":113}},"6":{"start":{"line":19,"column":77},"end":{"line":19,"column":104}},"7":{"start":{"line":20,"column":12},"end":{"line":31,"column":14}},"8":{"start":{"line":34,"column":4},"end":{"line":34,"column":23}},"9":{"start":{"line":37,"column":2},"end":{"line":37,"column":61}}},"fnMap":{"0":{"name":"(anonymous_0)","decl":{"start":{"line":5,"column":26},"end":{"line":5,"column":27}},"loc":{"start":{"line":5,"column":42},"end":{"line":38,"column":1}},"line":5},"1":{"name":"(anonymous_1)","decl":{"start":{"line":7,"column":12},"end":{"line":7,"column":13}},"loc":{"start":{"line":7,"column":18},"end":{"line":35,"column":3}},"line":7},"2":{"name":"(anonymous_2)","decl":{"start":{"line":10,"column":21},"end":{"line":10,"column":22}},"loc":{"start":{"line":10,"column":32},"end":{"line":32,"column":11}},"line":10},"3":{"name":"(anonymous_3)","decl":{"start":{"line":19,"column":68},"end":{"line":19,"column":69}},"loc":{"start":{"line":19,"column":77},"end":{"line":19,"column":104}},"line":19}},"branchMap":{"0":{"loc":{"start":{"line":9,"column":6},"end":{"line":33,"column":27}},"type":"cond-expr","locations":[{"start":{"line":10,"column":10},"end":{"line":32,"column":12}},{"start":{"line":33,"column":10},"end":{"line":33,"column":27}}],"line":9}},"s":{"0":3,"1":9,"2":9,"3":5,"4":3,"5":3,"6":3,"7":3,"8":5,"9":9},"f":{"0":9,"1":5,"2":3,"3":3},"b":{"0":[3,2]},"_coverageSchema":"43e27e138ebf9cfc5966b082cf9a028302ed4184","hash":"4091bdf83e0d3d55f9acd2d154ec484e3976f1bc"}
,"C:\\Users\\kushguglani\\Desktop\\my\\space\\ssr-master\\ssr-master\\src\\components\\spinner\\Spinner.js": {"path":"C:\\Users\\kushguglani\\Desktop\\my\\space\\ssr-master\\ssr-master\\src\\components\\spinner\\Spinner.js","statementMap":{"0":{"start":{"line":4,"column":2},"end":{"line":10,"column":4}}},"fnMap":{"0":{"name":"Spinner","decl":{"start":{"line":3,"column":24},"end":{"line":3,"column":31}},"loc":{"start":{"line":3,"column":39},"end":{"line":11,"column":1}},"line":3}},"branchMap":{"0":{"loc":{"start":{"line":4,"column":9},"end":{"line":10,"column":3}},"type":"cond-expr","locations":[{"start":{"line":5,"column":4},"end":{"line":7,"column":10}},{"start":{"line":9,"column":4},"end":{"line":9,"column":9}}],"line":4}},"s":{"0":2},"f":{"0":2},"b":{"0":[0,2]},"_coverageSchema":"43e27e138ebf9cfc5966b082cf9a028302ed4184","hash":"00ba0f0e82d5e457b6909ed062f41e64d9818b70"}
}
