TN:
SF:C:\Users\kushguglani\Desktop\my\space\ssr-master\ssr-master\src\components\Head.js
FN:4,(anonymous_0)
FNF:1
FNH:1
FNDA:3,(anonymous_0)
DA:4,2
DA:5,3
LF:2
LH:2
BRF:0
BRH:0
end_of_record
TN:
SF:C:\Users\kushguglani\Desktop\my\space\ssr-master\ssr-master\src\components\app.js
FN:13,(anonymous_0)
FN:21,(anonymous_1)
FN:22,(anonymous_2)
FN:47,mapStateToProps
FN:53,(anonymous_4)
FN:54,(anonymous_5)
FNF:6
FNH:4
FNDA:2,(anonymous_0)
FNDA:1,(anonymous_1)
FNDA:0,(anonymous_2)
FNDA:2,mapStateToProps
FNDA:1,(anonymous_4)
FNDA:0,(anonymous_5)
DA:13,1
DA:14,2
DA:15,2
DA:16,2
DA:21,2
DA:22,2
DA:23,0
DA:25,2
DA:48,2
DA:53,1
DA:54,0
LF:11
LH:9
BRF:0
BRH:0
end_of_record
TN:
SF:C:\Users\kushguglani\Desktop\my\space\ssr-master\ssr-master\src\components\filter\FilterContainer.js
FN:6,filterContainer
FNF:1
FNH:1
FNDA:4,filterContainer
DA:7,4
LF:1
LH:1
BRF:0
BRH:0
end_of_record
TN:
SF:C:\Users\kushguglani\Desktop\my\space\ssr-master\ssr-master\src\components\filter\IsSuccesfulFilter.js
FN:3,isSuccesfulFilter
FN:5,(anonymous_1)
FN:18,(anonymous_2)
FN:24,(anonymous_3)
FNF:4
FNH:4
FNDA:11,isSuccesfulFilter
FNDA:4,(anonymous_1)
FNDA:2,(anonymous_2)
FNDA:2,(anonymous_3)
DA:4,11
DA:5,11
DA:6,4
DA:7,4
DA:10,4
DA:11,4
DA:14,11
DA:18,2
DA:24,2
LF:9
LH:9
BRDA:7,0,0,0
BRDA:7,0,1,4
BRDA:19,1,0,0
BRDA:19,1,1,11
BRDA:25,2,0,0
BRDA:25,2,1,11
BRF:6
BRH:3
end_of_record
TN:
SF:C:\Users\kushguglani\Desktop\my\space\ssr-master\ssr-master\src\components\filter\LaunchYear.js
FN:3,launchYear
FN:5,(anonymous_1)
FN:13,(anonymous_2)
FN:14,(anonymous_3)
FNF:4
FNH:4
FNDA:6,launchYear
FNDA:1,(anonymous_1)
FNDA:90,(anonymous_2)
FNDA:90,(anonymous_3)
DA:4,6
DA:5,6
DA:6,1
DA:7,1
DA:10,1
DA:11,1
DA:13,90
DA:14,6
DA:15,90
DA:23,6
LF:10
LH:10
BRDA:7,0,0,0
BRDA:7,0,1,1
BRDA:18,1,0,0
BRDA:18,1,1,90
BRF:4
BRH:2
end_of_record
TN:
SF:C:\Users\kushguglani\Desktop\my\space\ssr-master\ssr-master\src\components\footer\Footer.js
FN:3,Footer
FNF:1
FNH:1
FNDA:4,Footer
DA:4,4
LF:1
LH:1
BRF:0
BRH:0
end_of_record
TN:
SF:C:\Users\kushguglani\Desktop\my\space\ssr-master\ssr-master\src\components\header\Header.js
FN:3,Header
FNF:1
FNH:1
FNDA:4,Header
DA:4,4
LF:1
LH:1
BRF:0
BRH:0
end_of_record
TN:
SF:C:\Users\kushguglani\Desktop\my\space\ssr-master\ssr-master\src\components\spaceBar\SpaceBar.js
FN:3,SpaceBar
FN:20,(anonymous_1)
FNF:2
FNH:2
FNDA:4,SpaceBar
FNDA:4,(anonymous_1)
DA:12,4
DA:13,4
DA:20,4
LF:3
LH:3
BRDA:19,0,0,4
BRDA:19,0,1,0
BRF:2
BRH:1
end_of_record
TN:
SF:C:\Users\kushguglani\Desktop\my\space\ssr-master\ssr-master\src\components\spaceBar\SpaceBarContainer.js
FN:5,(anonymous_0)
FN:7,(anonymous_1)
FN:10,(anonymous_2)
FN:19,(anonymous_3)
FNF:4
FNH:4
FNDA:9,(anonymous_0)
FNDA:5,(anonymous_1)
FNDA:3,(anonymous_2)
FNDA:3,(anonymous_3)
DA:5,3
DA:6,9
DA:7,9
DA:9,5
DA:18,3
DA:19,3
DA:20,3
DA:34,5
DA:37,9
LF:9
LH:9
BRDA:9,0,0,3
BRDA:9,0,1,2
BRF:2
BRH:2
end_of_record
TN:
SF:C:\Users\kushguglani\Desktop\my\space\ssr-master\ssr-master\src\components\spinner\Spinner.js
FN:3,Spinner
FNF:1
FNH:1
FNDA:2,Spinner
DA:4,2
LF:1
LH:1
BRDA:4,0,0,0
BRDA:4,0,1,2
BRF:2
BRH:1
end_of_record
